Case #1:
11111111000000000000000000000011 3 2 5 2 7 2 3 2 11
11111101100000000000000000000011 3 2 5 2 7 2 3 2 11
11111100110000000000000000000011 3 2 5 2 7 2 3 2 11
11111100011000000000000000000011 3 2 5 2 7 2 3 2 11
11111100001100000000000000000011 3 2 5 2 7 2 3 2 11
11111100000110000000000000000011 3 2 5 2 7 2 3 2 11
11111100000011000000000000000011 3 2 5 2 7 2 3 2 11
11111100000001100000000000000011 3 2 5 2 7 2 3 2 11
11111100000000110000000000000011 3 2 5 2 7 2 3 2 11
11111100000000011000000000000011 3 2 5 2 7 2 3 2 11
11111100000000001100000000000011 3 2 5 2 7 2 3 2 11
11111100000000000110000000000011 3 2 5 2 7 2 3 2 11
11111100000000000011000000000011 3 2 5 2 7 2 3 2 11
11111100000000000001100000000011 3 2 5 2 7 2 3 2 11
11111100000000000000110000000011 3 2 5 2 7 2 3 2 11
11111100000000000000011000000011 3 2 5 2 7 2 3 2 11
11111100000000000000001100000011 3 2 5 2 7 2 3 2 11
11111100000000000000000110000011 3 2 5 2 7 2 3 2 11
11111100000000000000000011000011 3 2 5 2 7 2 3 2 11
11111100000000000000000001100011 3 2 5 2 7 2 3 2 11
11111100000000000000000000110011 3 2 5 2 7 2 3 2 11
11111100000000000000000000011011 3 2 5 2 7 2 3 2 11
11110111100000000000000000000011 3 2 5 2 7 2 3 2 11
11110110110000000000000000000011 3 2 5 2 7 2 3 2 11
11110110011000000000000000000011 3 2 5 2 7 2 3 2 11
11110110001100000000000000000011 3 2 5 2 7 2 3 2 11
11110110000110000000000000000011 3 2 5 2 7 2 3 2 11
11110110000011000000000000000011 3 2 5 2 7 2 3 2 11
11110110000001100000000000000011 3 2 5 2 7 2 3 2 11
11110110000000110000000000000011 3 2 5 2 7 2 3 2 11
11110110000000011000000000000011 3 2 5 2 7 2 3 2 11
11110110000000001100000000000011 3 2 5 2 7 2 3 2 11
11110110000000000110000000000011 3 2 5 2 7 2 3 2 11
11110110000000000011000000000011 3 2 5 2 7 2 3 2 11
11110110000000000001100000000011 3 2 5 2 7 2 3 2 11
11110110000000000000110000000011 3 2 5 2 7 2 3 2 11
11110110000000000000011000000011 3 2 5 2 7 2 3 2 11
11110110000000000000001100000011 3 2 5 2 7 2 3 2 11
11110110000000000000000110000011 3 2 5 2 7 2 3 2 11
11110110000000000000000011000011 3 2 5 2 7 2 3 2 11
11110110000000000000000001100011 3 2 5 2 7 2 3 2 11
11110110000000000000000000110011 3 2 5 2 7 2 3 2 11
11110110000000000000000000011011 3 2 5 2 7 2 3 2 11
11110011110000000000000000000011 3 2 5 2 7 2 3 2 11
11110011011000000000000000000011 3 2 5 2 7 2 3 2 11
11110011001100000000000000000011 3 2 5 2 7 2 3 2 11
11110011000110000000000000000011 3 2 5 2 7 2 3 2 11
11110011000011000000000000000011 3 2 5 2 7 2 3 2 11
11110011000001100000000000000011 3 2 5 2 7 2 3 2 11
11110011000000110000000000000011 3 2 5 2 7 2 3 2 11
11110011000000011000000000000011 3 2 5 2 7 2 3 2 11
11110011000000001100000000000011 3 2 5 2 7 2 3 2 11
11110011000000000110000000000011 3 2 5 2 7 2 3 2 11
11110011000000000011000000000011 3 2 5 2 7 2 3 2 11
11110011000000000001100000000011 3 2 5 2 7 2 3 2 11
11110011000000000000110000000011 3 2 5 2 7 2 3 2 11
11110011000000000000011000000011 3 2 5 2 7 2 3 2 11
11110011000000000000001100000011 3 2 5 2 7 2 3 2 11
11110011000000000000000110000011 3 2 5 2 7 2 3 2 11
11110011000000000000000011000011 3 2 5 2 7 2 3 2 11
11110011000000000000000001100011 3 2 5 2 7 2 3 2 11
11110011000000000000000000110011 3 2 5 2 7 2 3 2 11
11110011000000000000000000011011 3 2 5 2 7 2 3 2 11
11110001111000000000000000000011 3 2 5 2 7 2 3 2 11
11110001101100000000000000000011 3 2 5 2 7 2 3 2 11
11110001100110000000000000000011 3 2 5 2 7 2 3 2 11
11110001100011000000000000000011 3 2 5 2 7 2 3 2 11
11110001100001100000000000000011 3 2 5 2 7 2 3 2 11
11110001100000110000000000000011 3 2 5 2 7 2 3 2 11
11110001100000011000000000000011 3 2 5 2 7 2 3 2 11
11110001100000001100000000000011 3 2 5 2 7 2 3 2 11
11110001100000000110000000000011 3 2 5 2 7 2 3 2 11
11110001100000000011000000000011 3 2 5 2 7 2 3 2 11
11110001100000000001100000000011 3 2 5 2 7 2 3 2 11
11110001100000000000110000000011 3 2 5 2 7 2 3 2 11
11110001100000000000011000000011 3 2 5 2 7 2 3 2 11
11110001100000000000001100000011 3 2 5 2 7 2 3 2 11
11110001100000000000000110000011 3 2 5 2 7 2 3 2 11
11110001100000000000000011000011 3 2 5 2 7 2 3 2 11
11110001100000000000000001100011 3 2 5 2 7 2 3 2 11
11110001100000000000000000110011 3 2 5 2 7 2 3 2 11
11110001100000000000000000011011 3 2 5 2 7 2 3 2 11
11110000111100000000000000000011 3 2 5 2 7 2 3 2 11
11110000110110000000000000000011 3 2 5 2 7 2 3 2 11
11110000110011000000000000000011 3 2 5 2 7 2 3 2 11
11110000110001100000000000000011 3 2 5 2 7 2 3 2 11
11110000110000110000000000000011 3 2 5 2 7 2 3 2 11
11110000110000011000000000000011 3 2 5 2 7 2 3 2 11
11110000110000001100000000000011 3 2 5 2 7 2 3 2 11
11110000110000000110000000000011 3 2 5 2 7 2 3 2 11
11110000110000000011000000000011 3 2 5 2 7 2 3 2 11
11110000110000000001100000000011 3 2 5 2 7 2 3 2 11
11110000110000000000110000000011 3 2 5 2 7 2 3 2 11
11110000110000000000011000000011 3 2 5 2 7 2 3 2 11
11110000110000000000001100000011 3 2 5 2 7 2 3 2 11
11110000110000000000000110000011 3 2 5 2 7 2 3 2 11
11110000110000000000000011000011 3 2 5 2 7 2 3 2 11
11110000110000000000000001100011 3 2 5 2 7 2 3 2 11
11110000110000000000000000110011 3 2 5 2 7 2 3 2 11
11110000110000000000000000011011 3 2 5 2 7 2 3 2 11
11110000011110000000000000000011 3 2 5 2 7 2 3 2 11
11110000011011000000000000000011 3 2 5 2 7 2 3 2 11
11110000011001100000000000000011 3 2 5 2 7 2 3 2 11
11110000011000110000000000000011 3 2 5 2 7 2 3 2 11
11110000011000011000000000000011 3 2 5 2 7 2 3 2 11
11110000011000001100000000000011 3 2 5 2 7 2 3 2 11
11110000011000000110000000000011 3 2 5 2 7 2 3 2 11
11110000011000000011000000000011 3 2 5 2 7 2 3 2 11
11110000011000000001100000000011 3 2 5 2 7 2 3 2 11
11110000011000000000110000000011 3 2 5 2 7 2 3 2 11
11110000011000000000011000000011 3 2 5 2 7 2 3 2 11
11110000011000000000001100000011 3 2 5 2 7 2 3 2 11
11110000011000000000000110000011 3 2 5 2 7 2 3 2 11
11110000011000000000000011000011 3 2 5 2 7 2 3 2 11
11110000011000000000000001100011 3 2 5 2 7 2 3 2 11
11110000011000000000000000110011 3 2 5 2 7 2 3 2 11
11110000011000000000000000011011 3 2 5 2 7 2 3 2 11
11110000001111000000000000000011 3 2 5 2 7 2 3 2 11
11110000001101100000000000000011 3 2 5 2 7 2 3 2 11
11110000001100110000000000000011 3 2 5 2 7 2 3 2 11
11110000001100011000000000000011 3 2 5 2 7 2 3 2 11
11110000001100001100000000000011 3 2 5 2 7 2 3 2 11
11110000001100000110000000000011 3 2 5 2 7 2 3 2 11
11110000001100000011000000000011 3 2 5 2 7 2 3 2 11
11110000001100000001100000000011 3 2 5 2 7 2 3 2 11
11110000001100000000110000000011 3 2 5 2 7 2 3 2 11
11110000001100000000011000000011 3 2 5 2 7 2 3 2 11
11110000001100000000001100000011 3 2 5 2 7 2 3 2 11
11110000001100000000000110000011 3 2 5 2 7 2 3 2 11
11110000001100000000000011000011 3 2 5 2 7 2 3 2 11
11110000001100000000000001100011 3 2 5 2 7 2 3 2 11
11110000001100000000000000110011 3 2 5 2 7 2 3 2 11
11110000001100000000000000011011 3 2 5 2 7 2 3 2 11
11110000000111100000000000000011 3 2 5 2 7 2 3 2 11
11110000000110110000000000000011 3 2 5 2 7 2 3 2 11
11110000000110011000000000000011 3 2 5 2 7 2 3 2 11
11110000000110001100000000000011 3 2 5 2 7 2 3 2 11
11110000000110000110000000000011 3 2 5 2 7 2 3 2 11
11110000000110000011000000000011 3 2 5 2 7 2 3 2 11
11110000000110000001100000000011 3 2 5 2 7 2 3 2 11
11110000000110000000110000000011 3 2 5 2 7 2 3 2 11
11110000000110000000011000000011 3 2 5 2 7 2 3 2 11
11110000000110000000001100000011 3 2 5 2 7 2 3 2 11
11110000000110000000000110000011 3 2 5 2 7 2 3 2 11
11110000000110000000000011000011 3 2 5 2 7 2 3 2 11
11110000000110000000000001100011 3 2 5 2 7 2 3 2 11
11110000000110000000000000110011 3 2 5 2 7 2 3 2 11
11110000000110000000000000011011 3 2 5 2 7 2 3 2 11
11110000000011110000000000000011 3 2 5 2 7 2 3 2 11
11110000000011011000000000000011 3 2 5 2 7 2 3 2 11
11110000000011001100000000000011 3 2 5 2 7 2 3 2 11
11110000000011000110000000000011 3 2 5 2 7 2 3 2 11
11110000000011000011000000000011 3 2 5 2 7 2 3 2 11
11110000000011000001100000000011 3 2 5 2 7 2 3 2 11
11110000000011000000110000000011 3 2 5 2 7 2 3 2 11
11110000000011000000011000000011 3 2 5 2 7 2 3 2 11
11110000000011000000001100000011 3 2 5 2 7 2 3 2 11
11110000000011000000000110000011 3 2 5 2 7 2 3 2 11
11110000000011000000000011000011 3 2 5 2 7 2 3 2 11
11110000000011000000000001100011 3 2 5 2 7 2 3 2 11
11110000000011000000000000110011 3 2 5 2 7 2 3 2 11
11110000000011000000000000011011 3 2 5 2 7 2 3 2 11
11110000000001111000000000000011 3 2 5 2 7 2 3 2 11
11110000000001101100000000000011 3 2 5 2 7 2 3 2 11
11110000000001100110000000000011 3 2 5 2 7 2 3 2 11
11110000000001100011000000000011 3 2 5 2 7 2 3 2 11
11110000000001100001100000000011 3 2 5 2 7 2 3 2 11
11110000000001100000110000000011 3 2 5 2 7 2 3 2 11
11110000000001100000011000000011 3 2 5 2 7 2 3 2 11
11110000000001100000001100000011 3 2 5 2 7 2 3 2 11
11110000000001100000000110000011 3 2 5 2 7 2 3 2 11
11110000000001100000000011000011 3 2 5 2 7 2 3 2 11
11110000000001100000000001100011 3 2 5 2 7 2 3 2 11
11110000000001100000000000110011 3 2 5 2 7 2 3 2 11
11110000000001100000000000011011 3 2 5 2 7 2 3 2 11
11110000000000111100000000000011 3 2 5 2 7 2 3 2 11
11110000000000110110000000000011 3 2 5 2 7 2 3 2 11
11110000000000110011000000000011 3 2 5 2 7 2 3 2 11
11110000000000110001100000000011 3 2 5 2 7 2 3 2 11
11110000000000110000110000000011 3 2 5 2 7 2 3 2 11
11110000000000110000011000000011 3 2 5 2 7 2 3 2 11
11110000000000110000001100000011 3 2 5 2 7 2 3 2 11
11110000000000110000000110000011 3 2 5 2 7 2 3 2 11
11110000000000110000000011000011 3 2 5 2 7 2 3 2 11
11110000000000110000000001100011 3 2 5 2 7 2 3 2 11
11110000000000110000000000110011 3 2 5 2 7 2 3 2 11
11110000000000110000000000011011 3 2 5 2 7 2 3 2 11
11110000000000011110000000000011 3 2 5 2 7 2 3 2 11
11110000000000011011000000000011 3 2 5 2 7 2 3 2 11
11110000000000011001100000000011 3 2 5 2 7 2 3 2 11
11110000000000011000110000000011 3 2 5 2 7 2 3 2 11
11110000000000011000011000000011 3 2 5 2 7 2 3 2 11
11110000000000011000001100000011 3 2 5 2 7 2 3 2 11
11110000000000011000000110000011 3 2 5 2 7 2 3 2 11
11110000000000011000000011000011 3 2 5 2 7 2 3 2 11
11110000000000011000000001100011 3 2 5 2 7 2 3 2 11
11110000000000011000000000110011 3 2 5 2 7 2 3 2 11
11110000000000011000000000011011 3 2 5 2 7 2 3 2 11
11110000000000001111000000000011 3 2 5 2 7 2 3 2 11
11110000000000001101100000000011 3 2 5 2 7 2 3 2 11
11110000000000001100110000000011 3 2 5 2 7 2 3 2 11
11110000000000001100011000000011 3 2 5 2 7 2 3 2 11
11110000000000001100001100000011 3 2 5 2 7 2 3 2 11
11110000000000001100000110000011 3 2 5 2 7 2 3 2 11
11110000000000001100000011000011 3 2 5 2 7 2 3 2 11
11110000000000001100000001100011 3 2 5 2 7 2 3 2 11
11110000000000001100000000110011 3 2 5 2 7 2 3 2 11
11110000000000001100000000011011 3 2 5 2 7 2 3 2 11
11110000000000000111100000000011 3 2 5 2 7 2 3 2 11
11110000000000000110110000000011 3 2 5 2 7 2 3 2 11
11110000000000000110011000000011 3 2 5 2 7 2 3 2 11
11110000000000000110001100000011 3 2 5 2 7 2 3 2 11
11110000000000000110000110000011 3 2 5 2 7 2 3 2 11
11110000000000000110000011000011 3 2 5 2 7 2 3 2 11
11110000000000000110000001100011 3 2 5 2 7 2 3 2 11
11110000000000000110000000110011 3 2 5 2 7 2 3 2 11
11110000000000000110000000011011 3 2 5 2 7 2 3 2 11
11110000000000000011110000000011 3 2 5 2 7 2 3 2 11
11110000000000000011011000000011 3 2 5 2 7 2 3 2 11
11110000000000000011001100000011 3 2 5 2 7 2 3 2 11
11110000000000000011000110000011 3 2 5 2 7 2 3 2 11
11110000000000000011000011000011 3 2 5 2 7 2 3 2 11
11110000000000000011000001100011 3 2 5 2 7 2 3 2 11
11110000000000000011000000110011 3 2 5 2 7 2 3 2 11
11110000000000000011000000011011 3 2 5 2 7 2 3 2 11
11110000000000000001111000000011 3 2 5 2 7 2 3 2 11
11110000000000000001101100000011 3 2 5 2 7 2 3 2 11
11110000000000000001100110000011 3 2 5 2 7 2 3 2 11
11110000000000000001100011000011 3 2 5 2 7 2 3 2 11
11110000000000000001100001100011 3 2 5 2 7 2 3 2 11
11110000000000000001100000110011 3 2 5 2 7 2 3 2 11
11110000000000000001100000011011 3 2 5 2 7 2 3 2 11
11110000000000000000111100000011 3 2 5 2 7 2 3 2 11
11110000000000000000110110000011 3 2 5 2 7 2 3 2 11
11110000000000000000110011000011 3 2 5 2 7 2 3 2 11
11110000000000000000110001100011 3 2 5 2 7 2 3 2 11
11110000000000000000110000110011 3 2 5 2 7 2 3 2 11
11110000000000000000110000011011 3 2 5 2 7 2 3 2 11
11110000000000000000011110000011 3 2 5 2 7 2 3 2 11
11110000000000000000011011000011 3 2 5 2 7 2 3 2 11
11110000000000000000011001100011 3 2 5 2 7 2 3 2 11
11110000000000000000011000110011 3 2 5 2 7 2 3 2 11
11110000000000000000011000011011 3 2 5 2 7 2 3 2 11
11110000000000000000001111000011 3 2 5 2 7 2 3 2 11
11110000000000000000001101100011 3 2 5 2 7 2 3 2 11
11110000000000000000001100110011 3 2 5 2 7 2 3 2 11
11110000000000000000001100011011 3 2 5 2 7 2 3 2 11
11110000000000000000000111100011 3 2 5 2 7 2 3 2 11
11110000000000000000000110110011 3 2 5 2 7 2 3 2 11
11110000000000000000000110011011 3 2 5 2 7 2 3 2 11
11110000000000000000000011110011 3 2 5 2 7 2 3 2 11
11110000000000000000000011011011 3 2 5 2 7 2 3 2 11
11110000000000000000000001111011 3 2 5 2 7 2 3 2 11
11011111100000000000000000000011 3 2 5 2 7 2 3 2 11
11011110110000000000000000000011 3 2 5 2 7 2 3 2 11
11011110011000000000000000000011 3 2 5 2 7 2 3 2 11
11011110001100000000000000000011 3 2 5 2 7 2 3 2 11
11011110000110000000000000000011 3 2 5 2 7 2 3 2 11
11011110000011000000000000000011 3 2 5 2 7 2 3 2 11
11011110000001100000000000000011 3 2 5 2 7 2 3 2 11
11011110000000110000000000000011 3 2 5 2 7 2 3 2 11
11011110000000011000000000000011 3 2 5 2 7 2 3 2 11
11011110000000001100000000000011 3 2 5 2 7 2 3 2 11
11011110000000000110000000000011 3 2 5 2 7 2 3 2 11
11011110000000000011000000000011 3 2 5 2 7 2 3 2 11
11011110000000000001100000000011 3 2 5 2 7 2 3 2 11
11011110000000000000110000000011 3 2 5 2 7 2 3 2 11
11011110000000000000011000000011 3 2 5 2 7 2 3 2 11
11011110000000000000001100000011 3 2 5 2 7 2 3 2 11
11011110000000000000000110000011 3 2 5 2 7 2 3 2 11
11011110000000000000000011000011 3 2 5 2 7 2 3 2 11
11011110000000000000000001100011 3 2 5 2 7 2 3 2 11
11011110000000000000000000110011 3 2 5 2 7 2 3 2 11
11011110000000000000000000011011 3 2 5 2 7 2 3 2 11
11011011110000000000000000000011 3 2 5 2 7 2 3 2 11
11011011011000000000000000000011 3 2 5 2 7 2 3 2 11
11011011001100000000000000000011 3 2 5 2 7 2 3 2 11
11011011000110000000000000000011 3 2 5 2 7 2 3 2 11
11011011000011000000000000000011 3 2 5 2 7 2 3 2 11
11011011000001100000000000000011 3 2 5 2 7 2 3 2 11
11011011000000110000000000000011 3 2 5 2 7 2 3 2 11
11011011000000011000000000000011 3 2 5 2 7 2 3 2 11
11011011000000001100000000000011 3 2 5 2 7 2 3 2 11
11011011000000000110000000000011 3 2 5 2 7 2 3 2 11
11011011000000000011000000000011 3 2 5 2 7 2 3 2 11
11011011000000000001100000000011 3 2 5 2 7 2 3 2 11
11011011000000000000110000000011 3 2 5 2 7 2 3 2 11
11011011000000000000011000000011 3 2 5 2 7 2 3 2 11
11011011000000000000001100000011 3 2 5 2 7 2 3 2 11
11011011000000000000000110000011 3 2 5 2 7 2 3 2 11
11011011000000000000000011000011 3 2 5 2 7 2 3 2 11
11011011000000000000000001100011 3 2 5 2 7 2 3 2 11
11011011000000000000000000110011 3 2 5 2 7 2 3 2 11
11011011000000000000000000011011 3 2 5 2 7 2 3 2 11
11011001111000000000000000000011 3 2 5 2 7 2 3 2 11
11011001101100000000000000000011 3 2 5 2 7 2 3 2 11
11011001100110000000000000000011 3 2 5 2 7 2 3 2 11
11011001100011000000000000000011 3 2 5 2 7 2 3 2 11
11011001100001100000000000000011 3 2 5 2 7 2 3 2 11
11011001100000110000000000000011 3 2 5 2 7 2 3 2 11
11011001100000011000000000000011 3 2 5 2 7 2 3 2 11
11011001100000001100000000000011 3 2 5 2 7 2 3 2 11
11011001100000000110000000000011 3 2 5 2 7 2 3 2 11
11011001100000000011000000000011 3 2 5 2 7 2 3 2 11
11011001100000000001100000000011 3 2 5 2 7 2 3 2 11
11011001100000000000110000000011 3 2 5 2 7 2 3 2 11
11011001100000000000011000000011 3 2 5 2 7 2 3 2 11
11011001100000000000001100000011 3 2 5 2 7 2 3 2 11
11011001100000000000000110000011 3 2 5 2 7 2 3 2 11
11011001100000000000000011000011 3 2 5 2 7 2 3 2 11
11011001100000000000000001100011 3 2 5 2 7 2 3 2 11
11011001100000000000000000110011 3 2 5 2 7 2 3 2 11
11011001100000000000000000011011 3 2 5 2 7 2 3 2 11
11011000111100000000000000000011 3 2 5 2 7 2 3 2 11
11011000110110000000000000000011 3 2 5 2 7 2 3 2 11
11011000110011000000000000000011 3 2 5 2 7 2 3 2 11
11011000110001100000000000000011 3 2 5 2 7 2 3 2 11
11011000110000110000000000000011 3 2 5 2 7 2 3 2 11
11011000110000011000000000000011 3 2 5 2 7 2 3 2 11
11011000110000001100000000000011 3 2 5 2 7 2 3 2 11
11011000110000000110000000000011 3 2 5 2 7 2 3 2 11
11011000110000000011000000000011 3 2 5 2 7 2 3 2 11
11011000110000000001100000000011 3 2 5 2 7 2 3 2 11
11011000110000000000110000000011 3 2 5 2 7 2 3 2 11
11011000110000000000011000000011 3 2 5 2 7 2 3 2 11
11011000110000000000001100000011 3 2 5 2 7 2 3 2 11
11011000110000000000000110000011 3 2 5 2 7 2 3 2 11
11011000110000000000000011000011 3 2 5 2 7 2 3 2 11
11011000110000000000000001100011 3 2 5 2 7 2 3 2 11
11011000110000000000000000110011 3 2 5 2 7 2 3 2 11
11011000110000000000000000011011 3 2 5 2 7 2 3 2 11
11011000011110000000000000000011 3 2 5 2 7 2 3 2 11
11011000011011000000000000000011 3 2 5 2 7 2 3 2 11
11011000011001100000000000000011 3 2 5 2 7 2 3 2 11
11011000011000110000000000000011 3 2 5 2 7 2 3 2 11
11011000011000011000000000000011 3 2 5 2 7 2 3 2 11
11011000011000001100000000000011 3 2 5 2 7 2 3 2 11
11011000011000000110000000000011 3 2 5 2 7 2 3 2 11
11011000011000000011000000000011 3 2 5 2 7 2 3 2 11
11011000011000000001100000000011 3 2 5 2 7 2 3 2 11
11011000011000000000110000000011 3 2 5 2 7 2 3 2 11
11011000011000000000011000000011 3 2 5 2 7 2 3 2 11
11011000011000000000001100000011 3 2 5 2 7 2 3 2 11
11011000011000000000000110000011 3 2 5 2 7 2 3 2 11
11011000011000000000000011000011 3 2 5 2 7 2 3 2 11
11011000011000000000000001100011 3 2 5 2 7 2 3 2 11
11011000011000000000000000110011 3 2 5 2 7 2 3 2 11
11011000011000000000000000011011 3 2 5 2 7 2 3 2 11
11011000001111000000000000000011 3 2 5 2 7 2 3 2 11
11011000001101100000000000000011 3 2 5 2 7 2 3 2 11
11011000001100110000000000000011 3 2 5 2 7 2 3 2 11
11011000001100011000000000000011 3 2 5 2 7 2 3 2 11
11011000001100001100000000000011 3 2 5 2 7 2 3 2 11
11011000001100000110000000000011 3 2 5 2 7 2 3 2 11
11011000001100000011000000000011 3 2 5 2 7 2 3 2 11
11011000001100000001100000000011 3 2 5 2 7 2 3 2 11
11011000001100000000110000000011 3 2 5 2 7 2 3 2 11
11011000001100000000011000000011 3 2 5 2 7 2 3 2 11
11011000001100000000001100000011 3 2 5 2 7 2 3 2 11
11011000001100000000000110000011 3 2 5 2 7 2 3 2 11
11011000001100000000000011000011 3 2 5 2 7 2 3 2 11
11011000001100000000000001100011 3 2 5 2 7 2 3 2 11
11011000001100000000000000110011 3 2 5 2 7 2 3 2 11
11011000001100000000000000011011 3 2 5 2 7 2 3 2 11
11011000000111100000000000000011 3 2 5 2 7 2 3 2 11
11011000000110110000000000000011 3 2 5 2 7 2 3 2 11
11011000000110011000000000000011 3 2 5 2 7 2 3 2 11
11011000000110001100000000000011 3 2 5 2 7 2 3 2 11
11011000000110000110000000000011 3 2 5 2 7 2 3 2 11
11011000000110000011000000000011 3 2 5 2 7 2 3 2 11
11011000000110000001100000000011 3 2 5 2 7 2 3 2 11
11011000000110000000110000000011 3 2 5 2 7 2 3 2 11
11011000000110000000011000000011 3 2 5 2 7 2 3 2 11
11011000000110000000001100000011 3 2 5 2 7 2 3 2 11
11011000000110000000000110000011 3 2 5 2 7 2 3 2 11
11011000000110000000000011000011 3 2 5 2 7 2 3 2 11
11011000000110000000000001100011 3 2 5 2 7 2 3 2 11
11011000000110000000000000110011 3 2 5 2 7 2 3 2 11
11011000000110000000000000011011 3 2 5 2 7 2 3 2 11
11011000000011110000000000000011 3 2 5 2 7 2 3 2 11
11011000000011011000000000000011 3 2 5 2 7 2 3 2 11
11011000000011001100000000000011 3 2 5 2 7 2 3 2 11
11011000000011000110000000000011 3 2 5 2 7 2 3 2 11
11011000000011000011000000000011 3 2 5 2 7 2 3 2 11
11011000000011000001100000000011 3 2 5 2 7 2 3 2 11
11011000000011000000110000000011 3 2 5 2 7 2 3 2 11
11011000000011000000011000000011 3 2 5 2 7 2 3 2 11
11011000000011000000001100000011 3 2 5 2 7 2 3 2 11
11011000000011000000000110000011 3 2 5 2 7 2 3 2 11
11011000000011000000000011000011 3 2 5 2 7 2 3 2 11
11011000000011000000000001100011 3 2 5 2 7 2 3 2 11
11011000000011000000000000110011 3 2 5 2 7 2 3 2 11
11011000000011000000000000011011 3 2 5 2 7 2 3 2 11
11011000000001111000000000000011 3 2 5 2 7 2 3 2 11
11011000000001101100000000000011 3 2 5 2 7 2 3 2 11
11011000000001100110000000000011 3 2 5 2 7 2 3 2 11
11011000000001100011000000000011 3 2 5 2 7 2 3 2 11
11011000000001100001100000000011 3 2 5 2 7 2 3 2 11
11011000000001100000110000000011 3 2 5 2 7 2 3 2 11
11011000000001100000011000000011 3 2 5 2 7 2 3 2 11
11011000000001100000001100000011 3 2 5 2 7 2 3 2 11
11011000000001100000000110000011 3 2 5 2 7 2 3 2 11
11011000000001100000000011000011 3 2 5 2 7 2 3 2 11
11011000000001100000000001100011 3 2 5 2 7 2 3 2 11
11011000000001100000000000110011 3 2 5 2 7 2 3 2 11
11011000000001100000000000011011 3 2 5 2 7 2 3 2 11
11011000000000111100000000000011 3 2 5 2 7 2 3 2 11
11011000000000110110000000000011 3 2 5 2 7 2 3 2 11
11011000000000110011000000000011 3 2 5 2 7 2 3 2 11
11011000000000110001100000000011 3 2 5 2 7 2 3 2 11
11011000000000110000110000000011 3 2 5 2 7 2 3 2 11
11011000000000110000011000000011 3 2 5 2 7 2 3 2 11
11011000000000110000001100000011 3 2 5 2 7 2 3 2 11
11011000000000110000000110000011 3 2 5 2 7 2 3 2 11
11011000000000110000000011000011 3 2 5 2 7 2 3 2 11
11011000000000110000000001100011 3 2 5 2 7 2 3 2 11
11011000000000110000000000110011 3 2 5 2 7 2 3 2 11
11011000000000110000000000011011 3 2 5 2 7 2 3 2 11
11011000000000011110000000000011 3 2 5 2 7 2 3 2 11
11011000000000011011000000000011 3 2 5 2 7 2 3 2 11
11011000000000011001100000000011 3 2 5 2 7 2 3 2 11
11011000000000011000110000000011 3 2 5 2 7 2 3 2 11
11011000000000011000011000000011 3 2 5 2 7 2 3 2 11
11011000000000011000001100000011 3 2 5 2 7 2 3 2 11
11011000000000011000000110000011 3 2 5 2 7 2 3 2 11
11011000000000011000000011000011 3 2 5 2 7 2 3 2 11
11011000000000011000000001100011 3 2 5 2 7 2 3 2 11
11011000000000011000000000110011 3 2 5 2 7 2 3 2 11
11011000000000011000000000011011 3 2 5 2 7 2 3 2 11
11011000000000001111000000000011 3 2 5 2 7 2 3 2 11
11011000000000001101100000000011 3 2 5 2 7 2 3 2 11
11011000000000001100110000000011 3 2 5 2 7 2 3 2 11
11011000000000001100011000000011 3 2 5 2 7 2 3 2 11
11011000000000001100001100000011 3 2 5 2 7 2 3 2 11
11011000000000001100000110000011 3 2 5 2 7 2 3 2 11
11011000000000001100000011000011 3 2 5 2 7 2 3 2 11
11011000000000001100000001100011 3 2 5 2 7 2 3 2 11
11011000000000001100000000110011 3 2 5 2 7 2 3 2 11
11011000000000001100000000011011 3 2 5 2 7 2 3 2 11
11011000000000000111100000000011 3 2 5 2 7 2 3 2 11
11011000000000000110110000000011 3 2 5 2 7 2 3 2 11
11011000000000000110011000000011 3 2 5 2 7 2 3 2 11
11011000000000000110001100000011 3 2 5 2 7 2 3 2 11
11011000000000000110000110000011 3 2 5 2 7 2 3 2 11
11011000000000000110000011000011 3 2 5 2 7 2 3 2 11
11011000000000000110000001100011 3 2 5 2 7 2 3 2 11
11011000000000000110000000110011 3 2 5 2 7 2 3 2 11
11011000000000000110000000011011 3 2 5 2 7 2 3 2 11
11011000000000000011110000000011 3 2 5 2 7 2 3 2 11
11011000000000000011011000000011 3 2 5 2 7 2 3 2 11
11011000000000000011001100000011 3 2 5 2 7 2 3 2 11
11011000000000000011000110000011 3 2 5 2 7 2 3 2 11
11011000000000000011000011000011 3 2 5 2 7 2 3 2 11
11011000000000000011000001100011 3 2 5 2 7 2 3 2 11
11011000000000000011000000110011 3 2 5 2 7 2 3 2 11
11011000000000000011000000011011 3 2 5 2 7 2 3 2 11
11011000000000000001111000000011 3 2 5 2 7 2 3 2 11
11011000000000000001101100000011 3 2 5 2 7 2 3 2 11
11011000000000000001100110000011 3 2 5 2 7 2 3 2 11
11011000000000000001100011000011 3 2 5 2 7 2 3 2 11
11011000000000000001100001100011 3 2 5 2 7 2 3 2 11
11011000000000000001100000110011 3 2 5 2 7 2 3 2 11
11011000000000000001100000011011 3 2 5 2 7 2 3 2 11
11011000000000000000111100000011 3 2 5 2 7 2 3 2 11
11011000000000000000110110000011 3 2 5 2 7 2 3 2 11
11011000000000000000110011000011 3 2 5 2 7 2 3 2 11
11011000000000000000110001100011 3 2 5 2 7 2 3 2 11
11011000000000000000110000110011 3 2 5 2 7 2 3 2 11
11011000000000000000110000011011 3 2 5 2 7 2 3 2 11
11011000000000000000011110000011 3 2 5 2 7 2 3 2 11
11011000000000000000011011000011 3 2 5 2 7 2 3 2 11
11011000000000000000011001100011 3 2 5 2 7 2 3 2 11
11011000000000000000011000110011 3 2 5 2 7 2 3 2 11
11011000000000000000011000011011 3 2 5 2 7 2 3 2 11
11011000000000000000001111000011 3 2 5 2 7 2 3 2 11
11011000000000000000001101100011 3 2 5 2 7 2 3 2 11
11011000000000000000001100110011 3 2 5 2 7 2 3 2 11
11011000000000000000001100011011 3 2 5 2 7 2 3 2 11
11011000000000000000000111100011 3 2 5 2 7 2 3 2 11
11011000000000000000000110110011 3 2 5 2 7 2 3 2 11
11011000000000000000000110011011 3 2 5 2 7 2 3 2 11
11011000000000000000000011110011 3 2 5 2 7 2 3 2 11
11011000000000000000000011011011 3 2 5 2 7 2 3 2 11
11011000000000000000000001111011 3 2 5 2 7 2 3 2 11
11001111110000000000000000000011 3 2 5 2 7 2 3 2 11
11001111011000000000000000000011 3 2 5 2 7 2 3 2 11
11001111001100000000000000000011 3 2 5 2 7 2 3 2 11
11001111000110000000000000000011 3 2 5 2 7 2 3 2 11
11001111000011000000000000000011 3 2 5 2 7 2 3 2 11
11001111000001100000000000000011 3 2 5 2 7 2 3 2 11
11001111000000110000000000000011 3 2 5 2 7 2 3 2 11
11001111000000011000000000000011 3 2 5 2 7 2 3 2 11
11001111000000001100000000000011 3 2 5 2 7 2 3 2 11
11001111000000000110000000000011 3 2 5 2 7 2 3 2 11
11001111000000000011000000000011 3 2 5 2 7 2 3 2 11
11001111000000000001100000000011 3 2 5 2 7 2 3 2 11
11001111000000000000110000000011 3 2 5 2 7 2 3 2 11
11001111000000000000011000000011 3 2 5 2 7 2 3 2 11
11001111000000000000001100000011 3 2 5 2 7 2 3 2 11
11001111000000000000000110000011 3 2 5 2 7 2 3 2 11
