Case #1:
1111111100000011 3 2 5 2 7 2 3 2 11
1111110110000011 3 2 5 2 7 2 3 2 11
1111110011000011 3 2 5 2 7 2 3 2 11
1111110001100011 3 2 5 2 7 2 3 2 11
1111110000110011 3 2 5 2 7 2 3 2 11
1111110000011011 3 2 5 2 7 2 3 2 11
1111011110000011 3 2 5 2 7 2 3 2 11
1111011011000011 3 2 5 2 7 2 3 2 11
1111011001100011 3 2 5 2 7 2 3 2 11
1111011000110011 3 2 5 2 7 2 3 2 11
1111011000011011 3 2 5 2 7 2 3 2 11
1111001111000011 3 2 5 2 7 2 3 2 11
1111001101100011 3 2 5 2 7 2 3 2 11
1111001100110011 3 2 5 2 7 2 3 2 11
1111001100011011 3 2 5 2 7 2 3 2 11
1111000111100011 3 2 5 2 7 2 3 2 11
1111000110110011 3 2 5 2 7 2 3 2 11
1111000110011011 3 2 5 2 7 2 3 2 11
1111000011110011 3 2 5 2 7 2 3 2 11
1111000011011011 3 2 5 2 7 2 3 2 11
1111000001111011 3 2 5 2 7 2 3 2 11
1101111110000011 3 2 5 2 7 2 3 2 11
1101111011000011 3 2 5 2 7 2 3 2 11
1101111001100011 3 2 5 2 7 2 3 2 11
1101111000110011 3 2 5 2 7 2 3 2 11
1101111000011011 3 2 5 2 7 2 3 2 11
1101101111000011 3 2 5 2 7 2 3 2 11
1101101101100011 3 2 5 2 7 2 3 2 11
1101101100110011 3 2 5 2 7 2 3 2 11
1101101100011011 3 2 5 2 7 2 3 2 11
1101100111100011 3 2 5 2 7 2 3 2 11
1101100110110011 3 2 5 2 7 2 3 2 11
1101100110011011 3 2 5 2 7 2 3 2 11
1101100011110011 3 2 5 2 7 2 3 2 11
1101100011011011 3 2 5 2 7 2 3 2 11
1101100001111011 3 2 5 2 7 2 3 2 11
1100111111000011 3 2 5 2 7 2 3 2 11
1100111101100011 3 2 5 2 7 2 3 2 11
1100111100110011 3 2 5 2 7 2 3 2 11
1100111100011011 3 2 5 2 7 2 3 2 11
1100110111100011 3 2 5 2 7 2 3 2 11
1100110110110011 3 2 5 2 7 2 3 2 11
1100110110011011 3 2 5 2 7 2 3 2 11
1100110011110011 3 2 5 2 7 2 3 2 11
1100110011011011 3 2 5 2 7 2 3 2 11
1100110001111011 3 2 5 2 7 2 3 2 11
1100011111100011 3 2 5 2 7 2 3 2 11
1100011110110011 3 2 5 2 7 2 3 2 11
1100011110011011 3 2 5 2 7 2 3 2 11
1100011011110011 3 2 5 2 7 2 3 2 11
