Case #1: AB AB
Case #2: A B B CA CA
Case #3: C A BC
Case #4: B C AB AB
Case #5: B A A CB CB
Case #6: C AB AB AB AB
Case #7: A A BC BC
Case #8: C AB AB AB
Case #9: C C A A BC BC
Case #10: A B CA CA CA
Case #11: C B B AC AC AC
Case #12: A A B B CA CA
Case #13: C B AC AC
Case #14: B C AB AB AB
Case #15: B C C AB AB AB
Case #16: B A A CB CB CB
Case #17: AB
Case #18: A B CA
Case #19: AB AB AB
Case #20: A A A BC BC BC
Case #21: C C AB AB AB
Case #22: A B B CA CA CA
Case #23: C A A BC BC
Case #24: C A A BC BC BC
Case #25: B A CB CB
Case #26: C AB AB
Case #27: A B CA CA
Case #28: C A BC BC BC
Case #29: A C BA BA
Case #30: B AC AC AC
Case #31: A BC
Case #32: B AC AC
Case #33: A A BC BC BC
Case #34: A BC BC
Case #35: C A BC BC
Case #36: B AC AC AC AC
Case #37: A BC BC BC
Case #38: A C C BA BA BA
Case #39: AB AB AB AB
Case #40: A BC BC BC BC
Case #41: B B AC AC AC
Case #42: B B A A CB CB
Case #43: A C BA BA BA
Case #44: B A CB CB CB
Case #45: C B AC AC AC
Case #46: B A CB
